[0m[[0m[0mdebug[0m] [0m[0m> Exec(run, Some(6f1ce40f-40db-49ec-a953-5b024dfc0b57), Some(CommandSource(console0)))[0m
[0m[[0m[0mdebug[0m] [0m[0mEvaluating tasks: Compile / run[0m
[0m[[0m[0mdebug[0m] [0m[0mRunning task... Cancel: Signal, check cycles: false, forcegc: true[0m
[0m[[0m[0mdebug[0m] [0m[0mRunning task... Cancel: Signal, check cycles: false, forcegc: true[0m
[0m[[0m[0mdebug[0m] [0m[0mRunning task... Cancel: Signal, check cycles: false, forcegc: true[0m
[0m[[0m[0mdebug[0m] [0m[0mExporting web-assets:hello-mimo[0m
[0m[[0m[0mdebug[0m] [0m[0mRunning task... Cancel: Signal, check cycles: false, forcegc: true[0m
[0m[[0m[33mwarn[0m] [0m[0mCanceling execution...[0m
[0m[[0m[0mdebug[0m] [0m[0mForcing garbage collection...[0m
[0m[[0m[31merror[0m] [0m[0mCancelled: run[0m
[0m[[0m[31merror[0m] [0m[0mCancelled: run[0m
[0m[[0m[31merror[0m] [0m[0mUse 'last' for the full log.[0m
[0m[[0m[0mdebug[0m] [0m[0m> Exec(shell, None, None)[0m
[0m[[0m[33mwarn[0m] [0m[0mbuild source files have changed[0m
[0m[[0m[33mwarn[0m] [0m[0mdeleted files: [0m
[0m[[0m[33mwarn[0m] [0m[0m  /Users/administrador/Desktop/UPSA/MIMO/CLOUD COMPUTING/REST/hello-mimo-empty/build.sbt[0m
[0m[[0m[33mwarn[0m] [0m[0m  /Users/administrador/Desktop/UPSA/MIMO/CLOUD COMPUTING/REST/hello-mimo-empty/project/plugins.sbt[0m
[0m[[0m[33mwarn[0m] [0m[0mApply these changes by running `reload`.[0m
[0m[[0m[33mwarn[0m] [0m[0mAutomatically reload the build when source changes are detected by setting `Global / onChangedBuildSource := ReloadOnSourceChanges`.[0m
[0m[[0m[33mwarn[0m] [0m[0mDisable this warning by setting `Global / onChangedBuildSource := IgnoreSourceChanges`.[0m
